<?xml version="1.0" encoding="UTF-8"?>
<!-- Generated by org.testng.reporters.JUnitXMLReporter -->
<testsuite hostname="PMCLAP1257" ignored="0" name="Default test" tests="3" failures="0" timestamp="12 Apr 2020 12:55:02 GMT" time="13.446" errors="0">
  <testcase name="testSum" time="2.307" classname="com.test.CalTest"/>
  <testcase name="testSub" time="2.027" classname="com.test.CalTest"/>
  <testcase name="testDiv" time="2.064" classname="com.test.CalTest"/>
</testsuite> <!-- Default test -->
